<?xml version="1.0" encoding="UTF-8"?>
<!-- Generated by org.testng.reporters.JUnitReportReporter -->
<testsuite hostname="LAPYPRINCE" failures="0" tests="1" name="rnner.definitons" time="33.537" errors="0" timestamp="2024-08-07T13:42:27 IST" skipped="0">
  <testcase classname="rnner.definitons" name="runScenario" time="33.537"/>
</testsuite> <!-- rnner.definitons -->
